build/app/intermediates/manifest_merge_blame_file/debug/manifest-merger-blame-debug-report.txt
1<?xml version="1.0" encoding="utf-8"?>
2<manifest xmlns:android="http://schemas.android.com/apk/res/android"
3    package="com.example.projeto_treinamento"
4    android:versionCode="1"
5    android:versionName="1.0.0" >
6
7    <uses-sdk
8        android:minSdkVersion="21"
9        android:targetSdkVersion="31" />
10    <!--
11         Flutter needs it to communicate with the running application
12         to allow setting breakpoints, to provide hot reload, etc.
13    -->
14    <uses-permission android:name="android.permission.INTERNET" />
14-->src/main/AndroidManifest.xml:27:5-67
14-->src/main/AndroidManifest.xml:27:22-64
15
16    <queries>
16-->src/main/AndroidManifest.xml:4:5-25:15
17
18        <!-- If your app opens https URLs -->
19        <intent>
19-->src/main/AndroidManifest.xml:6:9-9:18
20            <action android:name="android.intent.action.VIEW" />
20-->src/main/AndroidManifest.xml:7:13-65
20-->src/main/AndroidManifest.xml:7:21-62
21
22            <data android:scheme="https" />
22-->src/main/AndroidManifest.xml:8:13-44
22-->src/main/AndroidManifest.xml:8:19-41
23        </intent>
24        <!-- If your app makes calls -->
25        <intent>
25-->src/main/AndroidManifest.xml:11:9-14:18
26            <action android:name="android.intent.action.DIAL" />
26-->src/main/AndroidManifest.xml:12:13-65
26-->src/main/AndroidManifest.xml:12:21-62
27
28            <data android:scheme="tel" />
28-->src/main/AndroidManifest.xml:8:13-44
28-->src/main/AndroidManifest.xml:8:19-41
29        </intent>
30        <!-- If your sends SMS messages -->
31        <intent>
31-->src/main/AndroidManifest.xml:16:9-19:18
32            <action android:name="android.intent.action.SENDTO" />
32-->src/main/AndroidManifest.xml:17:13-67
32-->src/main/AndroidManifest.xml:17:21-64
33
34            <data android:scheme="smsto" />
34-->src/main/AndroidManifest.xml:8:13-44
34-->src/main/AndroidManifest.xml:8:19-41
35        </intent>
36        <!-- If your app sends emails -->
37        <intent>
37-->src/main/AndroidManifest.xml:21:9-24:18
38            <action android:name="android.intent.action.SEND" />
38-->src/main/AndroidManifest.xml:22:13-65
38-->src/main/AndroidManifest.xml:22:21-62
39
40            <data android:mimeType="*/*" />
40-->src/main/AndroidManifest.xml:8:13-44
41        </intent>
42    </queries>
43
44    <meta-data
44-->src/main/AndroidManifest.xml:29:5-30:58
45        android:name="io.flutter.network-policy"
45-->src/main/AndroidManifest.xml:29:16-56
46        android:resource="@xml/network_security_config" />
46-->src/main/AndroidManifest.xml:30:9-56
47
48    <uses-permission android:name="android.permission.ACCESS_NETWORK_STATE" />
48-->src/main/AndroidManifest.xml:31:5-79
48-->src/main/AndroidManifest.xml:31:22-76
49    <uses-permission android:name="android.permission.WAKE_LOCK" />
49-->[com.google.android.gms:play-services-measurement-api:21.0.0] AndroidManifest.xml:24:5-68
49-->[com.google.android.gms:play-services-measurement-api:21.0.0] AndroidManifest.xml:24:22-65
50    <uses-permission android:name="com.google.android.gms.permission.AD_ID" />
50-->[com.google.android.gms:play-services-measurement-api:21.0.0] AndroidManifest.xml:25:5-79
50-->[com.google.android.gms:play-services-measurement-api:21.0.0] AndroidManifest.xml:25:22-76
51    <uses-permission android:name="com.google.android.finsky.permission.BIND_GET_INSTALL_REFERRER_SERVICE" />
51-->[com.google.android.gms:play-services-measurement:21.0.0] AndroidManifest.xml:26:5-110
51-->[com.google.android.gms:play-services-measurement:21.0.0] AndroidManifest.xml:26:22-107
52
53    <application
53-->src/main/AndroidManifest.xml:34:5-91:19
54        android:appComponentFactory="androidx.core.app.CoreComponentFactory"
54-->[androidx.core:core:1.6.0] AndroidManifest.xml:24:18-86
55        android:debuggable="true"
56        android:icon="@mipmap/ic_launcher"
56-->src/main/AndroidManifest.xml:37:9-43
57        android:label="projeto_treinamento"
57-->src/main/AndroidManifest.xml:35:9-44
58        android:requestLegacyExternalStorage="true"
58-->src/main/AndroidManifest.xml:36:9-52
59        android:supportsRtl="true"
59-->[com.facebook.android:facebook-login:12.1.0] AndroidManifest.xml:28:18-44
60        android:usesCleartextTraffic="true" >
60-->src/debug/AndroidManifest.xml:7:18-53
61        <meta-data
61-->src/main/AndroidManifest.xml:38:9-107
62            android:name="com.facebook.sdk.ApplicationId"
62-->src/main/AndroidManifest.xml:38:20-65
63            android:value="@string/facebook_app_id" />
63-->src/main/AndroidManifest.xml:38:66-105
64
65        <activity
65-->src/main/AndroidManifest.xml:40:1-42:40
66            android:name="com.facebook.FacebookActivity"
66-->src/main/AndroidManifest.xml:40:11-55
67            android:configChanges="keyboard|keyboardHidden|screenLayout|screenSize|orientation"
67-->src/main/AndroidManifest.xml:41:5-88
68            android:label="@string/app_name"
68-->src/main/AndroidManifest.xml:42:5-37
69            android:theme="@style/com_facebook_activity_theme" />
69-->[com.facebook.android:facebook-common:12.1.0] AndroidManifest.xml:33:13-63
70        <activity
70-->src/main/AndroidManifest.xml:43:1-52:12
71            android:name="com.facebook.CustomTabActivity"
71-->src/main/AndroidManifest.xml:44:5-50
72            android:exported="true" >
72-->src/main/AndroidManifest.xml:45:5-28
73            <intent-filter>
73-->src/main/AndroidManifest.xml:46:5-51:21
74                <action android:name="android.intent.action.VIEW" />
74-->src/main/AndroidManifest.xml:7:13-65
74-->src/main/AndroidManifest.xml:7:21-62
75
76                <category android:name="android.intent.category.DEFAULT" />
76-->src/main/AndroidManifest.xml:48:9-68
76-->src/main/AndroidManifest.xml:48:19-65
77                <category android:name="android.intent.category.BROWSABLE" />
77-->src/main/AndroidManifest.xml:49:9-70
77-->src/main/AndroidManifest.xml:49:19-67
78
79                <data android:scheme="@string/fb_login_protocol_scheme" />
79-->src/main/AndroidManifest.xml:8:13-44
79-->src/main/AndroidManifest.xml:8:19-41
80            </intent-filter>
81            <intent-filter>
81-->[com.facebook.android:facebook-common:12.1.0] AndroidManifest.xml:39:13-48:29
82                <action android:name="android.intent.action.VIEW" />
82-->src/main/AndroidManifest.xml:7:13-65
82-->src/main/AndroidManifest.xml:7:21-62
83
84                <category android:name="android.intent.category.DEFAULT" />
84-->src/main/AndroidManifest.xml:48:9-68
84-->src/main/AndroidManifest.xml:48:19-65
85                <category android:name="android.intent.category.BROWSABLE" />
85-->src/main/AndroidManifest.xml:49:9-70
85-->src/main/AndroidManifest.xml:49:19-67
86
87                <data
87-->src/main/AndroidManifest.xml:8:13-44
88                    android:host="cct.com.example.projeto_treinamento"
89                    android:scheme="fbconnect" />
89-->src/main/AndroidManifest.xml:8:19-41
90            </intent-filter>
91        </activity>
92        <activity
92-->src/main/AndroidManifest.xml:54:9-85:20
93            android:name="com.example.projeto_treinamento.MainActivity"
93-->src/main/AndroidManifest.xml:57:13-41
94            android:configChanges="orientation|keyboardHidden|keyboard|screenSize|smallestScreenSize|locale|layoutDirection|fontScale|screenLayout|density|uiMode"
94-->src/main/AndroidManifest.xml:61:13-163
95            android:exported="true"
95-->src/main/AndroidManifest.xml:58:13-36
96            android:hardwareAccelerated="true"
96-->src/main/AndroidManifest.xml:62:13-47
97            android:launchMode="singleTop"
97-->src/main/AndroidManifest.xml:59:13-43
98            android:networkSecurityConfig="@xml/network_security_config"
98-->src/main/AndroidManifest.xml:56:13-73
99            android:theme="@style/LaunchTheme"
99-->src/main/AndroidManifest.xml:60:13-47
100            android:usesCleartextTraffic="true"
100-->src/main/AndroidManifest.xml:55:13-48
101            android:windowSoftInputMode="adjustResize" >
101-->src/main/AndroidManifest.xml:63:13-55
102
103            <!--
104                 Specifies an Android theme to apply to this Activity as soon as
105                 the Android process has started. This theme is visible to the user
106                 while the Flutter UI initializes. After that, this theme continues
107                 to determine the Window background behind the Flutter UI.
108            -->
109            <meta-data
109-->src/main/AndroidManifest.xml:68:13-71:17
110                android:name="io.flutter.embedding.android.NormalTheme"
110-->src/main/AndroidManifest.xml:69:15-70
111                android:resource="@style/NormalTheme" />
111-->src/main/AndroidManifest.xml:70:15-52
112            <!--
113                 Displays an Android View that continues showing the launch screen
114                 Drawable until Flutter paints its first frame, then this splash
115                 screen fades out. A splash screen is useful to avoid any visual
116                 gap between the end of Android's launch screen and the painting of
117                 Flutter's first frame.
118            -->
119            <meta-data
119-->src/main/AndroidManifest.xml:77:13-80:17
120                android:name="io.flutter.embedding.android.SplashScreenDrawable"
120-->src/main/AndroidManifest.xml:78:15-79
121                android:resource="@drawable/launch_background" />
121-->src/main/AndroidManifest.xml:79:15-61
122
123            <intent-filter>
123-->src/main/AndroidManifest.xml:81:13-84:29
124                <action android:name="android.intent.action.MAIN" />
124-->src/main/AndroidManifest.xml:82:17-68
124-->src/main/AndroidManifest.xml:82:25-66
125
126                <category android:name="android.intent.category.LAUNCHER" />
126-->src/main/AndroidManifest.xml:83:17-76
126-->src/main/AndroidManifest.xml:83:27-74
127            </intent-filter>
128        </activity>
129        <!--
130 Don't delete the meta-data below.
131             This is used by the Flutter tool to generate GeneratedPluginRegistrant.java
132        -->
133        <meta-data
133-->src/main/AndroidManifest.xml:88:9-90:33
134            android:name="flutterEmbedding"
134-->src/main/AndroidManifest.xml:89:13-44
135            android:value="2" />
135-->src/main/AndroidManifest.xml:90:13-30
136
137        <service
137-->[:firebase_auth] AndroidManifest.xml:8:9-12:19
138            android:name="com.google.firebase.components.ComponentDiscoveryService"
138-->[:firebase_auth] AndroidManifest.xml:8:18-89
139            android:directBootAware="true"
139-->[com.google.firebase:firebase-common:20.1.1] AndroidManifest.xml:35:13-43
140            android:exported="false" >
140-->[com.google.firebase:firebase-storage:20.0.1] AndroidManifest.xml:32:13-37
141            <meta-data
141-->[:firebase_auth] AndroidManifest.xml:9:13-11:85
142                android:name="com.google.firebase.components:io.flutter.plugins.firebase.auth.FlutterFirebaseAuthRegistrar"
142-->[:firebase_auth] AndroidManifest.xml:10:17-124
143                android:value="com.google.firebase.components.ComponentRegistrar" />
143-->[:firebase_auth] AndroidManifest.xml:11:17-82
144            <meta-data
144-->[:firebase_storage] AndroidManifest.xml:9:13-11:85
145                android:name="com.google.firebase.components:io.flutter.plugins.firebase.storage.FlutterFirebaseAppRegistrar"
145-->[:firebase_storage] AndroidManifest.xml:10:17-126
146                android:value="com.google.firebase.components.ComponentRegistrar" />
146-->[:firebase_storage] AndroidManifest.xml:11:17-82
147            <meta-data
147-->[:cloud_firestore] AndroidManifest.xml:9:13-11:85
148                android:name="com.google.firebase.components:io.flutter.plugins.firebase.firestore.FlutterFirebaseFirestoreRegistrar"
148-->[:cloud_firestore] AndroidManifest.xml:10:17-134
149                android:value="com.google.firebase.components.ComponentRegistrar" />
149-->[:cloud_firestore] AndroidManifest.xml:11:17-82
150            <meta-data
150-->[:firebase_core] AndroidManifest.xml:9:13-11:85
151                android:name="com.google.firebase.components:io.flutter.plugins.firebase.core.FlutterFirebaseCoreRegistrar"
151-->[:firebase_core] AndroidManifest.xml:10:17-124
152                android:value="com.google.firebase.components.ComponentRegistrar" />
152-->[:firebase_core] AndroidManifest.xml:11:17-82
153            <meta-data
153-->[com.google.firebase:firebase-storage:20.0.1] AndroidManifest.xml:33:13-35:85
154                android:name="com.google.firebase.components:com.google.firebase.storage.StorageRegistrar"
154-->[com.google.firebase:firebase-storage:20.0.1] AndroidManifest.xml:34:17-107
155                android:value="com.google.firebase.components.ComponentRegistrar" />
155-->[com.google.firebase:firebase-storage:20.0.1] AndroidManifest.xml:35:17-82
156            <meta-data
156-->[com.google.firebase:firebase-auth:21.0.3] AndroidManifest.xml:67:13-69:85
157                android:name="com.google.firebase.components:com.google.firebase.auth.FirebaseAuthRegistrar"
157-->[com.google.firebase:firebase-auth:21.0.3] AndroidManifest.xml:68:17-109
158                android:value="com.google.firebase.components.ComponentRegistrar" />
158-->[com.google.firebase:firebase-auth:21.0.3] AndroidManifest.xml:69:17-82
159            <meta-data
159-->[com.google.firebase:firebase-database:20.0.5] AndroidManifest.xml:32:13-34:85
160                android:name="com.google.firebase.components:com.google.firebase.database.DatabaseRegistrar"
160-->[com.google.firebase:firebase-database:20.0.5] AndroidManifest.xml:33:17-109
161                android:value="com.google.firebase.components.ComponentRegistrar" />
161-->[com.google.firebase:firebase-database:20.0.5] AndroidManifest.xml:34:17-82
162            <meta-data
162-->[com.google.firebase:firebase-firestore:24.1.2] AndroidManifest.xml:20:13-22:85
163                android:name="com.google.firebase.components:com.google.firebase.firestore.FirestoreRegistrar"
163-->[com.google.firebase:firebase-firestore:24.1.2] AndroidManifest.xml:21:17-111
164                android:value="com.google.firebase.components.ComponentRegistrar" />
164-->[com.google.firebase:firebase-firestore:24.1.2] AndroidManifest.xml:22:17-82
165            <meta-data
165-->[com.google.android.gms:play-services-measurement-api:21.0.0] AndroidManifest.xml:31:13-33:85
166                android:name="com.google.firebase.components:com.google.firebase.analytics.connector.internal.AnalyticsConnectorRegistrar"
166-->[com.google.android.gms:play-services-measurement-api:21.0.0] AndroidManifest.xml:32:17-139
167                android:value="com.google.firebase.components.ComponentRegistrar" />
167-->[com.google.android.gms:play-services-measurement-api:21.0.0] AndroidManifest.xml:33:17-82
168            <meta-data
168-->[com.google.firebase:firebase-installations:17.0.1] AndroidManifest.xml:18:13-20:85
169                android:name="com.google.firebase.components:com.google.firebase.installations.FirebaseInstallationsRegistrar"
169-->[com.google.firebase:firebase-installations:17.0.1] AndroidManifest.xml:19:17-127
170                android:value="com.google.firebase.components.ComponentRegistrar" />
170-->[com.google.firebase:firebase-installations:17.0.1] AndroidManifest.xml:20:17-82
171        </service>
172
173        <provider
173-->[:image_picker] AndroidManifest.xml:8:9-16:20
174            android:name="io.flutter.plugins.imagepicker.ImagePickerFileProvider"
174-->[:image_picker] AndroidManifest.xml:9:13-82
175            android:authorities="com.example.projeto_treinamento.flutter.image_provider"
175-->[:image_picker] AndroidManifest.xml:10:13-74
176            android:exported="false"
176-->[:image_picker] AndroidManifest.xml:11:13-37
177            android:grantUriPermissions="true" >
177-->[:image_picker] AndroidManifest.xml:12:13-47
178            <meta-data
178-->[:image_picker] AndroidManifest.xml:13:13-15:75
179                android:name="android.support.FILE_PROVIDER_PATHS"
179-->[:image_picker] AndroidManifest.xml:14:17-67
180                android:resource="@xml/flutter_image_picker_file_paths" />
180-->[:image_picker] AndroidManifest.xml:15:17-72
181        </provider>
182
183        <activity
183-->[:url_launcher_android] AndroidManifest.xml:8:9-11:74
184            android:name="io.flutter.plugins.urllauncher.WebViewActivity"
184-->[:url_launcher_android] AndroidManifest.xml:9:13-74
185            android:exported="false"
185-->[:url_launcher_android] AndroidManifest.xml:10:13-37
186            android:theme="@android:style/Theme.NoTitleBar.Fullscreen" />
186-->[:url_launcher_android] AndroidManifest.xml:11:13-71
187        <activity
187-->[com.google.firebase:firebase-auth:21.0.3] AndroidManifest.xml:27:9-44:20
188            android:name="com.google.firebase.auth.internal.GenericIdpActivity"
188-->[com.google.firebase:firebase-auth:21.0.3] AndroidManifest.xml:28:13-80
189            android:excludeFromRecents="true"
189-->[com.google.firebase:firebase-auth:21.0.3] AndroidManifest.xml:29:13-46
190            android:exported="true"
190-->[com.google.firebase:firebase-auth:21.0.3] AndroidManifest.xml:30:13-36
191            android:launchMode="singleTask"
191-->[com.google.firebase:firebase-auth:21.0.3] AndroidManifest.xml:31:13-44
192            android:theme="@android:style/Theme.Translucent.NoTitleBar" >
192-->[com.google.firebase:firebase-auth:21.0.3] AndroidManifest.xml:32:13-72
193            <intent-filter>
193-->[com.google.firebase:firebase-auth:21.0.3] AndroidManifest.xml:33:13-43:29
194                <action android:name="android.intent.action.VIEW" />
194-->src/main/AndroidManifest.xml:7:13-65
194-->src/main/AndroidManifest.xml:7:21-62
195
196                <category android:name="android.intent.category.DEFAULT" />
196-->src/main/AndroidManifest.xml:48:9-68
196-->src/main/AndroidManifest.xml:48:19-65
197                <category android:name="android.intent.category.BROWSABLE" />
197-->src/main/AndroidManifest.xml:49:9-70
197-->src/main/AndroidManifest.xml:49:19-67
198
199                <data
199-->src/main/AndroidManifest.xml:8:13-44
200                    android:host="firebase.auth"
201                    android:path="/"
202                    android:scheme="genericidp" />
202-->src/main/AndroidManifest.xml:8:19-41
203            </intent-filter>
204        </activity>
205        <activity
205-->[com.google.firebase:firebase-auth:21.0.3] AndroidManifest.xml:45:9-62:20
206            android:name="com.google.firebase.auth.internal.RecaptchaActivity"
206-->[com.google.firebase:firebase-auth:21.0.3] AndroidManifest.xml:46:13-79
207            android:excludeFromRecents="true"
207-->[com.google.firebase:firebase-auth:21.0.3] AndroidManifest.xml:47:13-46
208            android:exported="true"
208-->[com.google.firebase:firebase-auth:21.0.3] AndroidManifest.xml:48:13-36
209            android:launchMode="singleTask"
209-->[com.google.firebase:firebase-auth:21.0.3] AndroidManifest.xml:49:13-44
210            android:theme="@android:style/Theme.Translucent.NoTitleBar" >
210-->[com.google.firebase:firebase-auth:21.0.3] AndroidManifest.xml:50:13-72
211            <intent-filter>
211-->[com.google.firebase:firebase-auth:21.0.3] AndroidManifest.xml:51:13-61:29
212                <action android:name="android.intent.action.VIEW" />
212-->src/main/AndroidManifest.xml:7:13-65
212-->src/main/AndroidManifest.xml:7:21-62
213
214                <category android:name="android.intent.category.DEFAULT" />
214-->src/main/AndroidManifest.xml:48:9-68
214-->src/main/AndroidManifest.xml:48:19-65
215                <category android:name="android.intent.category.BROWSABLE" />
215-->src/main/AndroidManifest.xml:49:9-70
215-->src/main/AndroidManifest.xml:49:19-67
216
217                <data
217-->src/main/AndroidManifest.xml:8:13-44
218                    android:host="firebase.auth"
219                    android:path="/"
220                    android:scheme="recaptcha" />
220-->src/main/AndroidManifest.xml:8:19-41
221            </intent-filter>
222        </activity>
223        <activity android:name="com.facebook.CustomTabMainActivity" />
223-->[com.facebook.android:facebook-common:12.1.0] AndroidManifest.xml:34:9-71
223-->[com.facebook.android:facebook-common:12.1.0] AndroidManifest.xml:34:19-68
224        <!--
225         The initialization ContentProvider will call FacebookSdk.sdkInitialize automatically
226         with the application context. This config is merged in with the host app's manifest,
227         but there can only be one provider with the same authority activated at any given
228         point; so if the end user has two or more different apps that use Facebook SDK, only the
229         first one will be able to use the provider. To work around this problem, we use the
230         following placeholder in the authority to identify each host application as if it was
231         a completely different provider.
232        -->
233        <provider
233-->[com.facebook.android:facebook-core:12.1.0] AndroidManifest.xml:39:9-42:40
234            android:name="com.facebook.internal.FacebookInitProvider"
234-->[com.facebook.android:facebook-core:12.1.0] AndroidManifest.xml:40:13-70
235            android:authorities="com.example.projeto_treinamento.FacebookInitProvider"
235-->[com.facebook.android:facebook-core:12.1.0] AndroidManifest.xml:41:13-72
236            android:exported="false" />
236-->[com.facebook.android:facebook-core:12.1.0] AndroidManifest.xml:42:13-37
237
238        <receiver
238-->[com.facebook.android:facebook-core:12.1.0] AndroidManifest.xml:44:9-50:20
239            android:name="com.facebook.CurrentAccessTokenExpirationBroadcastReceiver"
239-->[com.facebook.android:facebook-core:12.1.0] AndroidManifest.xml:45:13-86
240            android:exported="false" >
240-->[com.facebook.android:facebook-core:12.1.0] AndroidManifest.xml:46:13-37
241            <intent-filter>
241-->[com.facebook.android:facebook-core:12.1.0] AndroidManifest.xml:47:13-49:29
242                <action android:name="com.facebook.sdk.ACTION_CURRENT_ACCESS_TOKEN_CHANGED" />
242-->[com.facebook.android:facebook-core:12.1.0] AndroidManifest.xml:48:17-95
242-->[com.facebook.android:facebook-core:12.1.0] AndroidManifest.xml:48:25-92
243            </intent-filter>
244        </receiver>
245        <receiver
245-->[com.facebook.android:facebook-core:12.1.0] AndroidManifest.xml:51:9-57:20
246            android:name="com.facebook.AuthenticationTokenManager$CurrentAuthenticationTokenChangedBroadcastReceiver"
246-->[com.facebook.android:facebook-core:12.1.0] AndroidManifest.xml:52:13-118
247            android:exported="false" >
247-->[com.facebook.android:facebook-core:12.1.0] AndroidManifest.xml:53:13-37
248            <intent-filter>
248-->[com.facebook.android:facebook-core:12.1.0] AndroidManifest.xml:54:13-56:29
249                <action android:name="com.facebook.sdk.ACTION_CURRENT_AUTHENTICATION_TOKEN_CHANGED" />
249-->[com.facebook.android:facebook-core:12.1.0] AndroidManifest.xml:55:17-103
249-->[com.facebook.android:facebook-core:12.1.0] AndroidManifest.xml:55:25-100
250            </intent-filter>
251        </receiver>
252
253        <uses-library
253-->[androidx.window:window:1.0.0-beta04] AndroidManifest.xml:25:9-27:40
254            android:name="androidx.window.extensions"
254-->[androidx.window:window:1.0.0-beta04] AndroidManifest.xml:26:13-54
255            android:required="false" />
255-->[androidx.window:window:1.0.0-beta04] AndroidManifest.xml:27:13-37
256        <uses-library
256-->[androidx.window:window:1.0.0-beta04] AndroidManifest.xml:28:9-30:40
257            android:name="androidx.window.sidecar"
257-->[androidx.window:window:1.0.0-beta04] AndroidManifest.xml:29:13-51
258            android:required="false" />
258-->[androidx.window:window:1.0.0-beta04] AndroidManifest.xml:30:13-37
259
260        <provider
260-->[com.google.firebase:firebase-common:20.1.1] AndroidManifest.xml:26:9-31:39
261            android:name="com.google.firebase.provider.FirebaseInitProvider"
261-->[com.google.firebase:firebase-common:20.1.1] AndroidManifest.xml:27:13-77
262            android:authorities="com.example.projeto_treinamento.firebaseinitprovider"
262-->[com.google.firebase:firebase-common:20.1.1] AndroidManifest.xml:28:13-72
263            android:directBootAware="true"
263-->[com.google.firebase:firebase-common:20.1.1] AndroidManifest.xml:29:13-43
264            android:exported="false"
264-->[com.google.firebase:firebase-common:20.1.1] AndroidManifest.xml:30:13-37
265            android:initOrder="100" />
265-->[com.google.firebase:firebase-common:20.1.1] AndroidManifest.xml:31:13-36
266
267        <activity
267-->[com.google.android.gms:play-services-auth:20.0.1] AndroidManifest.xml:23:9-27:75
268            android:name="com.google.android.gms.auth.api.signin.internal.SignInHubActivity"
268-->[com.google.android.gms:play-services-auth:20.0.1] AndroidManifest.xml:24:13-93
269            android:excludeFromRecents="true"
269-->[com.google.android.gms:play-services-auth:20.0.1] AndroidManifest.xml:25:13-46
270            android:exported="false"
270-->[com.google.android.gms:play-services-auth:20.0.1] AndroidManifest.xml:26:13-37
271            android:theme="@android:style/Theme.Translucent.NoTitleBar" />
271-->[com.google.android.gms:play-services-auth:20.0.1] AndroidManifest.xml:27:13-72
272        <!--
273            Service handling Google Sign-In user revocation. For apps that do not integrate with
274            Google Sign-In, this service will never be started.
275        -->
276        <service
276-->[com.google.android.gms:play-services-auth:20.0.1] AndroidManifest.xml:33:9-37:51
277            android:name="com.google.android.gms.auth.api.signin.RevocationBoundService"
277-->[com.google.android.gms:play-services-auth:20.0.1] AndroidManifest.xml:34:13-89
278            android:exported="true"
278-->[com.google.android.gms:play-services-auth:20.0.1] AndroidManifest.xml:35:13-36
279            android:permission="com.google.android.gms.auth.api.signin.permission.REVOCATION_NOTIFICATION"
279-->[com.google.android.gms:play-services-auth:20.0.1] AndroidManifest.xml:36:13-107
280            android:visibleToInstantApps="true" />
280-->[com.google.android.gms:play-services-auth:20.0.1] AndroidManifest.xml:37:13-48
281
282        <receiver
282-->[com.google.android.gms:play-services-measurement:21.0.0] AndroidManifest.xml:29:9-33:20
283            android:name="com.google.android.gms.measurement.AppMeasurementReceiver"
283-->[com.google.android.gms:play-services-measurement:21.0.0] AndroidManifest.xml:30:13-85
284            android:enabled="true"
284-->[com.google.android.gms:play-services-measurement:21.0.0] AndroidManifest.xml:31:13-35
285            android:exported="false" >
285-->[com.google.android.gms:play-services-measurement:21.0.0] AndroidManifest.xml:32:13-37
286        </receiver>
287
288        <service
288-->[com.google.android.gms:play-services-measurement:21.0.0] AndroidManifest.xml:35:9-38:40
289            android:name="com.google.android.gms.measurement.AppMeasurementService"
289-->[com.google.android.gms:play-services-measurement:21.0.0] AndroidManifest.xml:36:13-84
290            android:enabled="true"
290-->[com.google.android.gms:play-services-measurement:21.0.0] AndroidManifest.xml:37:13-35
291            android:exported="false" />
291-->[com.google.android.gms:play-services-measurement:21.0.0] AndroidManifest.xml:38:13-37
292        <service
292-->[com.google.android.gms:play-services-measurement:21.0.0] AndroidManifest.xml:39:9-43:72
293            android:name="com.google.android.gms.measurement.AppMeasurementJobService"
293-->[com.google.android.gms:play-services-measurement:21.0.0] AndroidManifest.xml:40:13-87
294            android:enabled="true"
294-->[com.google.android.gms:play-services-measurement:21.0.0] AndroidManifest.xml:41:13-35
295            android:exported="false"
295-->[com.google.android.gms:play-services-measurement:21.0.0] AndroidManifest.xml:42:13-37
296            android:permission="android.permission.BIND_JOB_SERVICE" />
296-->[com.google.android.gms:play-services-measurement:21.0.0] AndroidManifest.xml:43:13-69
297
298        <activity
298-->[com.google.android.gms:play-services-base:18.0.1] AndroidManifest.xml:20:9-22:45
299            android:name="com.google.android.gms.common.api.GoogleApiActivity"
299-->[com.google.android.gms:play-services-base:18.0.1] AndroidManifest.xml:20:19-85
300            android:exported="false"
300-->[com.google.android.gms:play-services-base:18.0.1] AndroidManifest.xml:22:19-43
301            android:theme="@android:style/Theme.Translucent.NoTitleBar" />
301-->[com.google.android.gms:play-services-base:18.0.1] AndroidManifest.xml:21:19-78
302
303        <meta-data
303-->[com.google.android.gms:play-services-basement:18.0.0] AndroidManifest.xml:21:9-23:69
304            android:name="com.google.android.gms.version"
304-->[com.google.android.gms:play-services-basement:18.0.0] AndroidManifest.xml:22:13-58
305            android:value="@integer/google_play_services_version" />
305-->[com.google.android.gms:play-services-basement:18.0.0] AndroidManifest.xml:23:13-66
306    </application>
307
308</manifest>